{"/Users/christenmccool/Documents/springboard-practice/35express-biztime/app.js": {"path":"/Users/christenmccool/Documents/springboard-practice/35express-biztime/app.js","statementMap":{"0":{"start":{"line":4,"column":16},"end":{"line":4,"column":34}},"1":{"start":{"line":6,"column":12},"end":{"line":6,"column":21}},"2":{"start":{"line":7,"column":21},"end":{"line":7,"column":46}},"3":{"start":{"line":9,"column":0},"end":{"line":9,"column":24}},"4":{"start":{"line":11,"column":16},"end":{"line":11,"column":45}},"5":{"start":{"line":12,"column":16},"end":{"line":12,"column":44}},"6":{"start":{"line":14,"column":0},"end":{"line":14,"column":31}},"7":{"start":{"line":15,"column":0},"end":{"line":15,"column":30}},"8":{"start":{"line":20,"column":0},"end":{"line":23,"column":3}},"9":{"start":{"line":21,"column":14},"end":{"line":21,"column":48}},"10":{"start":{"line":22,"column":2},"end":{"line":22,"column":19}},"11":{"start":{"line":27,"column":0},"end":{"line":34,"column":3}},"12":{"start":{"line":28,"column":2},"end":{"line":28,"column":32}},"13":{"start":{"line":30,"column":2},"end":{"line":33,"column":5}},"14":{"start":{"line":37,"column":0},"end":{"line":37,"column":21}}},"fnMap":{"0":{"name":"(anonymous_0)","decl":{"start":{"line":20,"column":8},"end":{"line":20,"column":9}},"loc":{"start":{"line":20,"column":33},"end":{"line":23,"column":1}},"line":20},"1":{"name":"(anonymous_1)","decl":{"start":{"line":27,"column":8},"end":{"line":27,"column":9}},"loc":{"start":{"line":27,"column":33},"end":{"line":34,"column":1}},"line":27}},"branchMap":{"0":{"loc":{"start":{"line":28,"column":13},"end":{"line":28,"column":30}},"type":"binary-expr","locations":[{"start":{"line":28,"column":13},"end":{"line":28,"column":23}},{"start":{"line":28,"column":27},"end":{"line":28,"column":30}}],"line":28}},"s":{"0":1,"1":1,"2":1,"3":1,"4":1,"5":1,"6":1,"7":1,"8":1,"9":0,"10":0,"11":1,"12":3,"13":3,"14":1},"f":{"0":0,"1":3},"b":{"0":[3,0]},"_coverageSchema":"1a1c01bbd47fc00a2c39e90264f33305004495a9","hash":"11a67ef57248357db2bc573c2def907d8dbbc325"}
,"/Users/christenmccool/Documents/springboard-practice/35express-biztime/db.js": {"path":"/Users/christenmccool/Documents/springboard-practice/35express-biztime/db.js","statementMap":{"0":{"start":{"line":3,"column":19},"end":{"line":3,"column":32}},"1":{"start":{"line":6,"column":0},"end":{"line":6,"column":98}},"2":{"start":{"line":8,"column":9},"end":{"line":10,"column":2}},"3":{"start":{"line":12,"column":0},"end":{"line":12,"column":13}},"4":{"start":{"line":13,"column":0},"end":{"line":13,"column":20}}},"fnMap":{},"branchMap":{"0":{"loc":{"start":{"line":6,"column":9},"end":{"line":6,"column":97}},"type":"cond-expr","locations":[{"start":{"line":6,"column":43},"end":{"line":6,"column":71}},{"start":{"line":6,"column":74},"end":{"line":6,"column":97}}],"line":6}},"s":{"0":1,"1":1,"2":1,"3":1,"4":1},"f":{},"b":{"0":[1,0]},"_coverageSchema":"1a1c01bbd47fc00a2c39e90264f33305004495a9","hash":"8b489f7f7b44025abcc0b0868f23cbf8a5e71817"}
,"/Users/christenmccool/Documents/springboard-practice/35express-biztime/expressError.js": {"path":"/Users/christenmccool/Documents/springboard-practice/35express-biztime/expressError.js","statementMap":{"0":{"start":{"line":9,"column":4},"end":{"line":9,"column":12}},"1":{"start":{"line":10,"column":4},"end":{"line":10,"column":27}},"2":{"start":{"line":11,"column":4},"end":{"line":11,"column":25}},"3":{"start":{"line":12,"column":4},"end":{"line":12,"column":30}},"4":{"start":{"line":17,"column":0},"end":{"line":17,"column":30}}},"fnMap":{"0":{"name":"(anonymous_0)","decl":{"start":{"line":8,"column":2},"end":{"line":8,"column":3}},"loc":{"start":{"line":8,"column":31},"end":{"line":13,"column":3}},"line":8}},"branchMap":{},"s":{"0":3,"1":3,"2":3,"3":3,"4":1},"f":{"0":3},"b":{},"_coverageSchema":"1a1c01bbd47fc00a2c39e90264f33305004495a9","hash":"f351be8156109e6baf441e7c7fdf2d17f3f0b084"}
,"/Users/christenmccool/Documents/springboard-practice/35express-biztime/routes/companies.js": {"path":"/Users/christenmccool/Documents/springboard-practice/35express-biztime/routes/companies.js","statementMap":{"0":{"start":{"line":1,"column":16},"end":{"line":1,"column":34}},"1":{"start":{"line":2,"column":21},"end":{"line":2,"column":47}},"2":{"start":{"line":4,"column":15},"end":{"line":4,"column":31}},"3":{"start":{"line":5,"column":11},"end":{"line":5,"column":27}},"4":{"start":{"line":9,"column":0},"end":{"line":16,"column":2}},"5":{"start":{"line":10,"column":4},"end":{"line":15,"column":5}},"6":{"start":{"line":11,"column":24},"end":{"line":11,"column":74}},"7":{"start":{"line":12,"column":8},"end":{"line":12,"column":50}},"8":{"start":{"line":14,"column":8},"end":{"line":14,"column":18}},"9":{"start":{"line":20,"column":0},"end":{"line":35,"column":2}},"10":{"start":{"line":21,"column":4},"end":{"line":34,"column":5}},"11":{"start":{"line":22,"column":23},"end":{"line":22,"column":33}},"12":{"start":{"line":23,"column":24},"end":{"line":23,"column":124}},"13":{"start":{"line":24,"column":8},"end":{"line":26,"column":9}},"14":{"start":{"line":25,"column":12},"end":{"line":25,"column":85}},"15":{"start":{"line":27,"column":24},"end":{"line":27,"column":39}},"16":{"start":{"line":28,"column":27},"end":{"line":28,"column":58}},"17":{"start":{"line":28,"column":51},"end":{"line":28,"column":57}},"18":{"start":{"line":29,"column":24},"end":{"line":30,"column":46}},"19":{"start":{"line":31,"column":8},"end":{"line":31,"column":44}},"20":{"start":{"line":33,"column":8},"end":{"line":33,"column":18}},"21":{"start":{"line":40,"column":0},"end":{"line":48,"column":2}},"22":{"start":{"line":41,"column":4},"end":{"line":47,"column":5}},"23":{"start":{"line":42,"column":42},"end":{"line":42,"column":50}},"24":{"start":{"line":43,"column":24},"end":{"line":43,"column":148}},"25":{"start":{"line":44,"column":8},"end":{"line":44,"column":64}},"26":{"start":{"line":46,"column":8},"end":{"line":46,"column":18}},"27":{"start":{"line":53,"column":0},"end":{"line":65,"column":2}},"28":{"start":{"line":54,"column":4},"end":{"line":64,"column":5}},"29":{"start":{"line":55,"column":23},"end":{"line":55,"column":33}},"30":{"start":{"line":56,"column":36},"end":{"line":56,"column":44}},"31":{"start":{"line":57,"column":24},"end":{"line":57,"column":139}},"32":{"start":{"line":58,"column":8},"end":{"line":60,"column":9}},"33":{"start":{"line":59,"column":12},"end":{"line":59,"column":85}},"34":{"start":{"line":61,"column":8},"end":{"line":61,"column":52}},"35":{"start":{"line":63,"column":8},"end":{"line":63,"column":18}},"36":{"start":{"line":68,"column":0},"end":{"line":79,"column":2}},"37":{"start":{"line":69,"column":4},"end":{"line":78,"column":5}},"38":{"start":{"line":70,"column":23},"end":{"line":70,"column":33}},"39":{"start":{"line":71,"column":24},"end":{"line":71,"column":85}},"40":{"start":{"line":72,"column":8},"end":{"line":74,"column":9}},"41":{"start":{"line":73,"column":12},"end":{"line":73,"column":85}},"42":{"start":{"line":75,"column":8},"end":{"line":75,"column":45}},"43":{"start":{"line":77,"column":8},"end":{"line":77,"column":18}},"44":{"start":{"line":82,"column":0},"end":{"line":82,"column":24}}},"fnMap":{"0":{"name":"(anonymous_0)","decl":{"start":{"line":9,"column":16},"end":{"line":9,"column":17}},"loc":{"start":{"line":9,"column":42},"end":{"line":16,"column":1}},"line":9},"1":{"name":"(anonymous_1)","decl":{"start":{"line":20,"column":21},"end":{"line":20,"column":22}},"loc":{"start":{"line":20,"column":47},"end":{"line":35,"column":1}},"line":20},"2":{"name":"(anonymous_2)","decl":{"start":{"line":28,"column":44},"end":{"line":28,"column":45}},"loc":{"start":{"line":28,"column":51},"end":{"line":28,"column":57}},"line":28},"3":{"name":"(anonymous_3)","decl":{"start":{"line":40,"column":17},"end":{"line":40,"column":18}},"loc":{"start":{"line":40,"column":43},"end":{"line":48,"column":1}},"line":40},"4":{"name":"(anonymous_4)","decl":{"start":{"line":53,"column":23},"end":{"line":53,"column":24}},"loc":{"start":{"line":53,"column":49},"end":{"line":65,"column":1}},"line":53},"5":{"name":"(anonymous_5)","decl":{"start":{"line":68,"column":24},"end":{"line":68,"column":25}},"loc":{"start":{"line":68,"column":50},"end":{"line":79,"column":1}},"line":68}},"branchMap":{"0":{"loc":{"start":{"line":24,"column":8},"end":{"line":26,"column":9}},"type":"if","locations":[{"start":{"line":24,"column":8},"end":{"line":26,"column":9}},{"start":{"line":24,"column":8},"end":{"line":26,"column":9}}],"line":24},"1":{"loc":{"start":{"line":58,"column":8},"end":{"line":60,"column":9}},"type":"if","locations":[{"start":{"line":58,"column":8},"end":{"line":60,"column":9}},{"start":{"line":58,"column":8},"end":{"line":60,"column":9}}],"line":58},"2":{"loc":{"start":{"line":72,"column":8},"end":{"line":74,"column":9}},"type":"if","locations":[{"start":{"line":72,"column":8},"end":{"line":74,"column":9}},{"start":{"line":72,"column":8},"end":{"line":74,"column":9}}],"line":72}},"s":{"0":1,"1":1,"2":1,"3":1,"4":1,"5":1,"6":1,"7":1,"8":0,"9":1,"10":2,"11":2,"12":2,"13":2,"14":1,"15":1,"16":1,"17":1,"18":1,"19":1,"20":1,"21":1,"22":1,"23":1,"24":1,"25":1,"26":0,"27":1,"28":2,"29":2,"30":2,"31":2,"32":2,"33":1,"34":1,"35":1,"36":1,"37":2,"38":2,"39":2,"40":2,"41":1,"42":1,"43":1,"44":1},"f":{"0":1,"1":2,"2":1,"3":1,"4":2,"5":2},"b":{"0":[1,1],"1":[1,1],"2":[1,1]},"_coverageSchema":"1a1c01bbd47fc00a2c39e90264f33305004495a9","hash":"a37716fb3172b5d94a29c8e10226832bf1c04072"}
,"/Users/christenmccool/Documents/springboard-practice/35express-biztime/routes/invoices.js": {"path":"/Users/christenmccool/Documents/springboard-practice/35express-biztime/routes/invoices.js","statementMap":{"0":{"start":{"line":1,"column":16},"end":{"line":1,"column":34}},"1":{"start":{"line":2,"column":21},"end":{"line":2,"column":47}},"2":{"start":{"line":4,"column":15},"end":{"line":4,"column":31}},"3":{"start":{"line":5,"column":11},"end":{"line":5,"column":27}},"4":{"start":{"line":9,"column":0},"end":{"line":17,"column":2}},"5":{"start":{"line":10,"column":4},"end":{"line":16,"column":5}},"6":{"start":{"line":11,"column":24},"end":{"line":12,"column":49}},"7":{"start":{"line":13,"column":8},"end":{"line":13,"column":42}},"8":{"start":{"line":15,"column":8},"end":{"line":15,"column":18}},"9":{"start":{"line":21,"column":0},"end":{"line":38,"column":2}},"10":{"start":{"line":22,"column":4},"end":{"line":37,"column":5}},"11":{"start":{"line":23,"column":21},"end":{"line":23,"column":31}},"12":{"start":{"line":24,"column":24},"end":{"line":25,"column":88}},"13":{"start":{"line":26,"column":8},"end":{"line":28,"column":9}},"14":{"start":{"line":27,"column":12},"end":{"line":27,"column":81}},"15":{"start":{"line":29,"column":23},"end":{"line":29,"column":38}},"16":{"start":{"line":30,"column":24},"end":{"line":30,"column":95}},"17":{"start":{"line":31,"column":24},"end":{"line":33,"column":42}},"18":{"start":{"line":34,"column":8},"end":{"line":34,"column":37}},"19":{"start":{"line":36,"column":8},"end":{"line":36,"column":18}},"20":{"start":{"line":43,"column":0},"end":{"line":51,"column":2}},"21":{"start":{"line":44,"column":4},"end":{"line":50,"column":5}},"22":{"start":{"line":45,"column":33},"end":{"line":45,"column":41}},"23":{"start":{"line":46,"column":24},"end":{"line":46,"column":125}},"24":{"start":{"line":47,"column":8},"end":{"line":47,"column":45}},"25":{"start":{"line":49,"column":8},"end":{"line":49,"column":18}},"26":{"start":{"line":56,"column":0},"end":{"line":69,"column":2}},"27":{"start":{"line":57,"column":4},"end":{"line":68,"column":5}},"28":{"start":{"line":58,"column":21},"end":{"line":58,"column":31}},"29":{"start":{"line":59,"column":22},"end":{"line":59,"column":30}},"30":{"start":{"line":60,"column":24},"end":{"line":61,"column":76}},"31":{"start":{"line":62,"column":8},"end":{"line":64,"column":9}},"32":{"start":{"line":63,"column":12},"end":{"line":63,"column":81}},"33":{"start":{"line":65,"column":8},"end":{"line":65,"column":44}},"34":{"start":{"line":67,"column":8},"end":{"line":67,"column":18}},"35":{"start":{"line":72,"column":0},"end":{"line":84,"column":2}},"36":{"start":{"line":73,"column":4},"end":{"line":83,"column":5}},"37":{"start":{"line":74,"column":21},"end":{"line":74,"column":31}},"38":{"start":{"line":75,"column":24},"end":{"line":75,"column":80}},"39":{"start":{"line":76,"column":8},"end":{"line":76,"column":29}},"40":{"start":{"line":77,"column":8},"end":{"line":79,"column":9}},"41":{"start":{"line":78,"column":12},"end":{"line":78,"column":81}},"42":{"start":{"line":80,"column":8},"end":{"line":80,"column":45}},"43":{"start":{"line":82,"column":8},"end":{"line":82,"column":18}},"44":{"start":{"line":86,"column":0},"end":{"line":86,"column":24}}},"fnMap":{"0":{"name":"(anonymous_0)","decl":{"start":{"line":9,"column":16},"end":{"line":9,"column":17}},"loc":{"start":{"line":9,"column":42},"end":{"line":17,"column":1}},"line":9},"1":{"name":"(anonymous_1)","decl":{"start":{"line":21,"column":19},"end":{"line":21,"column":20}},"loc":{"start":{"line":21,"column":45},"end":{"line":38,"column":1}},"line":21},"2":{"name":"(anonymous_2)","decl":{"start":{"line":43,"column":17},"end":{"line":43,"column":18}},"loc":{"start":{"line":43,"column":43},"end":{"line":51,"column":1}},"line":43},"3":{"name":"(anonymous_3)","decl":{"start":{"line":56,"column":21},"end":{"line":56,"column":22}},"loc":{"start":{"line":56,"column":47},"end":{"line":69,"column":1}},"line":56},"4":{"name":"(anonymous_4)","decl":{"start":{"line":72,"column":22},"end":{"line":72,"column":23}},"loc":{"start":{"line":72,"column":48},"end":{"line":84,"column":1}},"line":72}},"branchMap":{"0":{"loc":{"start":{"line":26,"column":8},"end":{"line":28,"column":9}},"type":"if","locations":[{"start":{"line":26,"column":8},"end":{"line":28,"column":9}},{"start":{"line":26,"column":8},"end":{"line":28,"column":9}}],"line":26},"1":{"loc":{"start":{"line":62,"column":8},"end":{"line":64,"column":9}},"type":"if","locations":[{"start":{"line":62,"column":8},"end":{"line":64,"column":9}},{"start":{"line":62,"column":8},"end":{"line":64,"column":9}}],"line":62},"2":{"loc":{"start":{"line":77,"column":8},"end":{"line":79,"column":9}},"type":"if","locations":[{"start":{"line":77,"column":8},"end":{"line":79,"column":9}},{"start":{"line":77,"column":8},"end":{"line":79,"column":9}}],"line":77}},"s":{"0":1,"1":1,"2":1,"3":1,"4":1,"5":0,"6":0,"7":0,"8":0,"9":1,"10":0,"11":0,"12":0,"13":0,"14":0,"15":0,"16":0,"17":0,"18":0,"19":0,"20":1,"21":0,"22":0,"23":0,"24":0,"25":0,"26":1,"27":0,"28":0,"29":0,"30":0,"31":0,"32":0,"33":0,"34":0,"35":1,"36":0,"37":0,"38":0,"39":0,"40":0,"41":0,"42":0,"43":0,"44":1},"f":{"0":0,"1":0,"2":0,"3":0,"4":0},"b":{"0":[0,0],"1":[0,0],"2":[0,0]},"_coverageSchema":"1a1c01bbd47fc00a2c39e90264f33305004495a9","hash":"1b999329bcb40b83365e7c3c4f0202d268c733d3"}
}
